#
# There is insufficient memory for the Java Runtime Environment to continue.
# Native memory allocation (mmap) failed to map 130023424 bytes for G1 virtual space
# Possible reasons:
#   The system is out of physical RAM or swap space
#   The process is running with CompressedOops enabled, and the Java Heap may be blocking the growth of the native heap
# Possible solutions:
#   Reduce memory load on the system
#   Increase physical memory or swap space
#   Check if swap backing store is full
#   Decrease Java heap size (-Xmx/-Xms)
#   Decrease number of Java threads
#   Decrease Java thread stack sizes (-Xss)
#   Set larger code cache with -XX:ReservedCodeCacheSize=
#   JVM is running with Unscaled Compressed Oops mode in which the Java heap is
#     placed in the first 4GB address space. The Java Heap base address is the
#     maximum limit for the native heap growth. Please use -XX:HeapBaseMinAddress
#     to set the Java Heap base and to place the Java Heap above 4GB virtual address.
# This output file may be truncated or incomplete.
#
#  Out of Memory Error (os_windows.cpp:3603), pid=25996, tid=17716
#
# JRE version:  (21.0.9+7) (build )
# Java VM: Java HotSpot(TM) 64-Bit Server VM (21.0.9+7-LTS-338, mixed mode, sharing, tiered, compressed oops, compressed class ptrs, g1 gc, windows-amd64)
# No core dump will be written. Minidumps are not enabled by default on client versions of Windows
#

---------------  S U M M A R Y ------------

Command Line: -javaagent:C:\Users\User\AppData\Local\Programs\IntelliJ IDEA 2025.3.1.1\lib\idea_rt.jar=50995 -Dfile.encoding=UTF-8 -Dsun.stdout.encoding=UTF-8 -Dsun.stderr.encoding=UTF-8 org.hibernate.main.App

Host: 12th Gen Intel(R) Core(TM) i5-1235U, 12 cores, 7G,  Windows 11 , 64 bit Build 22621 (10.0.22621.5262)
Time: Thu Jul  9 13:40:45 2026 India Standard Time elapsed time: 0.018525 seconds (0d 0h 0m 0s)

---------------  T H R E A D  ---------------

Current thread (0x000001cb03f95640):  JavaThread "Unknown thread" [_thread_in_vm, id=17716, stack(0x000000b063300000,0x000000b063400000) (1024K)]

Stack: [0x000000b063300000,0x000000b063400000]
Native frames: (J=compiled Java code, j=interpreted, Vv=VM code, C=native code)
V  [jvm.dll+0x6cbf89]
V  [jvm.dll+0x858421]
V  [jvm.dll+0x85a94e]
V  [jvm.dll+0x85b023]
V  [jvm.dll+0x27ebc6]
V  [jvm.dll+0x6c8705]
V  [jvm.dll+0x6bd26a]
V  [jvm.dll+0x354a0a]
V  [jvm.dll+0x35c686]
V  [jvm.dll+0x3af79e]
V  [jvm.dll+0x3afa48]
V  [jvm.dll+0x328d1c]
V  [jvm.dll+0x32987b]
V  [jvm.dll+0x821739]
V  [jvm.dll+0x3bc481]
V  [jvm.dll+0x80a9b8]
V  [jvm.dll+0x45166e]
V  [jvm.dll+0x453261]
C  [jli.dll+0x52a3]
C  [ucrtbase.dll+0x29333]
C  [KERNEL32.DLL+0x1259d]
C  [ntdll.dll+0x5af58]


---------------  P R O C E S S  ---------------

Threads class SMR info:
_java_thread_list=0x00007ff89822fc08, length=0, elements={
}

Java Threads: ( => current thread )
Total: 0

Other Threads:
  0x000001cb03feaec0 WorkerThread "GC Thread#0"                     [id=11268, stack(0x000000b063400000,0x000000b063500000) (1024K)]
  0x000001cb03ffd490 ConcurrentGCThread "G1 Main Marker"            [id=24572, stack(0x000000b063500000,0x000000b063600000) (1024K)]
  0x000001cb03ffdfa0 WorkerThread "G1 Conc#0"                       [id=24412, stack(0x000000b063600000,0x000000b063700000) (1024K)]

[error occurred during error reporting (printing all threads), id 0xc0000005, EXCEPTION_ACCESS_VIOLATION (0xc0000005) at pc=0x00007ff89799b4a7]
VM state: not at safepoint (not fully initialized)

VM Mutex/Monitor currently owned by a thread:  ([mutex/lock_event])
[0x00007ff8982a0ef0] Heap_lock - owner thread: 0x000001cb03f95640

Heap address: 0x0000000085200000, size: 1966 MB, Compressed Oops mode: 32-bit

CDS archive(s) mapped at: [0x0000000000000000-0x0000000000000000-0x0000000000000000), size 0, SharedBaseAddress: 0x0000000800000000, ArchiveRelocationMode: 1.
Narrow klass base: 0x0000000000000000, Narrow klass shift: 0, Narrow klass range: 0x0

GC Precious Log:
 CardTable entry size: 512
 Card Set container configuration: InlinePtr #cards 5 size 8 Array Of Cards #cards 12 size 40 Howl #buckets 4 coarsen threshold 1843 Howl Bitmap #cards 512 size 80 coarsen threshold 460 Card regions per heap region 1 cards per card region 2048

Heap:
 garbage-first heap   total 0K, used 0K [0x0000000085200000, 0x0000000100000000)
  region size 1024K, 0 young (0K), 0 survivors (0K)

[error occurred during error reporting (printing heap information), id 0xc0000005, EXCEPTION_ACCESS_VIOLATION (0xc0000005) at pc=0x00007ff897d84ff9]
GC Heap History (0 events):
No events

Dll operation events (1 events):
Event: 0.014 Loaded shared library C:\Program Files\Java\jdk-21\bin\java.dll

Deoptimization events (0 events):
No events

Classes loaded (0 events):
No events

Classes unloaded (0 events):
No events

Classes redefined (0 events):
No events

Internal exceptions (0 events):
No events

ZGC Phase Switch (0 events):
No events

VM Operations (0 events):
No events

Events (0 events):
No events


Dynamic libraries:
0x00007ff66efb0000 - 0x00007ff66efc0000 	C:\Program Files\Java\jdk-21\bin\java.exe
0x00007ff902010000 - 0x00007ff902227000 	C:\windows\SYSTEM32\ntdll.dll
0x00007ff901490000 - 0x00007ff901554000 	C:\windows\System32\KERNEL32.DLL
0x00007ff8ff1d0000 - 0x00007ff8ff5a3000 	C:\windows\System32\KERNELBASE.dll
0x00007ff8ff5b0000 - 0x00007ff8ff6c1000 	C:\windows\System32\ucrtbase.dll
0x00007ff8f80d0000 - 0x00007ff8f80eb000 	C:\Program Files\Java\jdk-21\bin\VCRUNTIME140.dll
0x00007ff8f60c0000 - 0x00007ff8f60d9000 	C:\Program Files\Java\jdk-21\bin\jli.dll
0x00007ff9006f0000 - 0x00007ff9007a1000 	C:\windows\System32\ADVAPI32.dll
0x00007ff9013c0000 - 0x00007ff901467000 	C:\windows\System32\msvcrt.dll
0x00007ff9007b0000 - 0x00007ff900857000 	C:\windows\System32\sechost.dll
0x00007ff8ff790000 - 0x00007ff8ff7b8000 	C:\windows\System32\bcrypt.dll
0x00007ff900c50000 - 0x00007ff900d64000 	C:\windows\System32\RPCRT4.dll
0x00007ff901e10000 - 0x00007ff901fc1000 	C:\windows\System32\USER32.dll
0x00007ff8ff1a0000 - 0x00007ff8ff1c6000 	C:\windows\System32\win32u.dll
0x00007ff8e2890000 - 0x00007ff8e2b2b000 	C:\windows\WinSxS\amd64_microsoft.windows.common-controls_6595b64144ccf1df_6.0.22621.5262_none_2712bde373830908\COMCTL32.dll
0x00007ff9006c0000 - 0x00007ff9006e9000 	C:\windows\System32\GDI32.dll
0x00007ff8ff930000 - 0x00007ff8ffa52000 	C:\windows\System32\gdi32full.dll
0x00007ff8ff100000 - 0x00007ff8ff19a000 	C:\windows\System32\msvcp_win.dll
0x00007ff8f3780000 - 0x00007ff8f378a000 	C:\windows\SYSTEM32\VERSION.dll
0x00007ff900860000 - 0x00007ff900891000 	C:\windows\System32\IMM32.DLL
0x00007ff8f89d0000 - 0x00007ff8f89dc000 	C:\Program Files\Java\jdk-21\bin\vcruntime140_1.dll
0x00007ff8ee4b0000 - 0x00007ff8ee53e000 	C:\Program Files\Java\jdk-21\bin\msvcp140.dll
0x00007ff897660000 - 0x00007ff89837d000 	C:\Program Files\Java\jdk-21\bin\server\jvm.dll
0x00007ff901560000 - 0x00007ff9015d1000 	C:\windows\System32\WS2_32.dll
0x00007ff8fefd0000 - 0x00007ff8ff01d000 	C:\windows\SYSTEM32\POWRPROF.dll
0x00007ff8f5d50000 - 0x00007ff8f5d84000 	C:\windows\SYSTEM32\WINMM.dll
0x00007ff8fefb0000 - 0x00007ff8fefc3000 	C:\windows\SYSTEM32\UMPDC.dll
0x00007ff8fe110000 - 0x00007ff8fe128000 	C:\windows\SYSTEM32\kernel.appcore.dll
0x00007ff8f8620000 - 0x00007ff8f862a000 	C:\Program Files\Java\jdk-21\bin\jimage.dll
0x00007ff8fcb40000 - 0x00007ff8fcd72000 	C:\windows\SYSTEM32\DBGHELP.DLL
0x00007ff9008b0000 - 0x00007ff900c43000 	C:\windows\System32\combase.dll
0x00007ff9019b0000 - 0x00007ff901a87000 	C:\windows\System32\OLEAUT32.dll
0x00007ff8db550000 - 0x00007ff8db582000 	C:\windows\SYSTEM32\dbgcore.DLL
0x00007ff8ffae0000 - 0x00007ff8ffb5b000 	C:\windows\System32\bcryptPrimitives.dll
0x00007ff8f5bd0000 - 0x00007ff8f5bdf000 	C:\Program Files\Java\jdk-21\bin\instrument.dll
0x00007ff8f5d10000 - 0x00007ff8f5d2f000 	C:\Program Files\Java\jdk-21\bin\java.dll

dbghelp: loaded successfully - version: 4.0.5 - missing functions: none
symbol engine: initialized successfully - sym options: 0x614 - pdb path: .;C:\Program Files\Java\jdk-21\bin;C:\windows\SYSTEM32;C:\windows\WinSxS\amd64_microsoft.windows.common-controls_6595b64144ccf1df_6.0.22621.5262_none_2712bde373830908;C:\Program Files\Java\jdk-21\bin\server

VM Arguments:
jvm_args: -javaagent:C:\Users\User\AppData\Local\Programs\IntelliJ IDEA 2025.3.1.1\lib\idea_rt.jar=50995 -Dfile.encoding=UTF-8 -Dsun.stdout.encoding=UTF-8 -Dsun.stderr.encoding=UTF-8 
java_command: org.hibernate.main.App
java_class_path (initial): C:\Users\User\Downloads\MappingStuTask-main\MappingStuTask-main\MappingstuhbTask\target\classes;C:\Users\User\.m2\repository\org\hibernate\orm\hibernate-core\7.4.3.Final\hibernate-core-7.4.3.Final.jar;C:\Users\User\.m2\repository\jakarta\persistence\jakarta.persistence-api\3.2.0\jakarta.persistence-api-3.2.0.jar;C:\Users\User\.m2\repository\jakarta\transaction\jakarta.transaction-api\2.0.1\jakarta.transaction-api-2.0.1.jar;C:\Users\User\.m2\repository\org\jboss\logging\jboss-logging\3.6.1.Final\jboss-logging-3.6.1.Final.jar;C:\Users\User\.m2\repository\org\hibernate\models\hibernate-models\1.1.1\hibernate-models-1.1.1.jar;C:\Users\User\.m2\repository\net\bytebuddy\byte-buddy\1.18.8\byte-buddy-1.18.8.jar;C:\Users\User\.m2\repository\jakarta\xml\bind\jakarta.xml.bind-api\4.0.4\jakarta.xml.bind-api-4.0.4.jar;C:\Users\User\.m2\repository\jakarta\activation\jakarta.activation-api\2.1.4\jakarta.activation-api-2.1.4.jar;C:\Users\User\.m2\repository\org\glassfish\jaxb\jaxb-runtime\4.0.7\jaxb-runtime-4.0.7.jar;C:\Users\User\.m2\repository\org\glassfish\jaxb\jaxb-core\4.0.7\jaxb-core-4.0.7.jar;C:\Users\User\.m2\repository\org\eclipse\angus\angus-activation\2.0.3\angus-activation-2.0.3.jar;C:\Users\User\.m2\repository\org\glassfish\jaxb\txw2\4.0.7\txw2-4.0.7.jar;C:\Users\User\.m2\repository\com\sun\istack\istack-commons-runtime\4.1.2\istack-commons-runtime-4.1.2.jar;C:\Users\User\.m2\repository\jakarta\inject\jakarta.inject-api\2.0.1\jakarta.inject-api-2.0.1.jar;C:\Users\User\.m2\repository\org\antlr\antlr4-runtime\4.13.2\antlr4-runtime-4.13.2.jar;C:\Users\User\.m2\repository\com\mysql\mysql-connector-j\9.7.0\mysql-connector-j-9.7.0.jar;C:\Users\User\.m2\repository\com\google\protobuf\protobuf-java\4.31.1\protobuf-java-4.31.1.jar;C:\Users\User\.m2\repository\org\projectlombok\lombok\1.18.46\lombok-1.18.46.jar
Launcher Type: SUN_STANDARD

[Global flags]
     intx CICompilerCount                          = 4                                         {product} {ergonomic}
     uint ConcGCThreads                            = 3                                         {product} {ergonomic}
     uint G1ConcRefinementThreads                  = 10                                        {product} {ergonomic}
   size_t G1HeapRegionSize                         = 1048576                                   {product} {ergonomic}
    uintx GCDrainStackTargetSize                   = 64                                        {product} {ergonomic}
   size_t InitialHeapSize                          = 130023424                                 {product} {ergonomic}
   size_t MarkStackSize                            = 4194304                                   {product} {ergonomic}
   size_t MaxHeapSize                              = 2061500416                                {product} {ergonomic}
   size_t MinHeapDeltaBytes                        = 1048576                                   {product} {ergonomic}
   size_t MinHeapSize                              = 8388608                                   {product} {ergonomic}
    uintx NonNMethodCodeHeapSize                   = 5839372                                {pd product} {ergonomic}
    uintx NonProfiledCodeHeapSize                  = 122909434                              {pd product} {ergonomic}
    uintx ProfiledCodeHeapSize                     = 122909434                              {pd product} {ergonomic}
    uintx ReservedCodeCacheSize                    = 251658240                              {pd product} {ergonomic}
     bool SegmentedCodeCache                       = true                                      {product} {ergonomic}
   size_t SoftMaxHeapSize                          = 2061500416                             {manageable} {ergonomic}
     bool UseCompressedOops                        = true                           {product lp64_product} {ergonomic}
     bool UseG1GC                                  = true                                      {product} {ergonomic}
     bool UseLargePagesIndividualAllocation        = false                                  {pd product} {ergonomic}

Logging:
Log output configuration:
 #0: stdout all=warning uptime,level,tags foldmultilines=false
 #1: stderr all=off uptime,level,tags foldmultilines=false

Environment Variables:
PATH=C:\Program Files\Common Files\Oracle\Java\javapath;C:\windows\system32;C:\windows;C:\windows\System32\Wbem;C:\windows\System32\WindowsPowerShell\v1.0\;C:\windows\System32\OpenSSH\;C:\msys64\mingw64\bin;C:\msys64\mingw64\bin;C:\Program Files\Git\cmd;C:\Program Files\MySQL\MySQL Shell 8.0\bin\;C:\Users\User\AppData\Local\Microsoft\WindowsApps;C:\Users\User\AppData\Local\Programs\Microsoft VS Code\bin;C:\Users\User\AppData\Local\Programs\IntelliJ IDEA 2025.3.1.1\bin
USERNAME=User
OS=Windows_NT
PROCESSOR_IDENTIFIER=Intel64 Family 6 Model 154 Stepping 4, GenuineIntel
TMP=C:\Users\User\AppData\Local\Temp
TEMP=C:\Users\User\AppData\Local\Temp




Periodic native trim disabled

---------------  S Y S T E M  ---------------

OS:
 Windows 11 , 64 bit Build 22621 (10.0.22621.5262)
OS uptime: 9 days 23:42 hours
Hyper-V role detected

CPU: total 12 (initial active 12) (6 cores per cpu, 2 threads per core) family 6 model 154 stepping 4 microcode 0x432, cx8, cmov, fxsr, ht, mmx, 3dnowpref, sse, sse2, sse3, ssse3, sse4.1, sse4.2, popcnt, lzcnt, tsc, tscinvbit, avx, avx2, aes, erms, clmul, bmi1, bmi2, adx, sha, fma, vzeroupper, clflush, clflushopt, clwb, hv, serialize, rdtscp, rdpid, fsrm, f16c, cet_ibt, cet_ss
Processor Information for processor 0
  Max Mhz: 1300, Current Mhz: 1300, Mhz Limit: 1300
Processor Information for processor 1
  Max Mhz: 1300, Current Mhz: 1300, Mhz Limit: 1300
Processor Information for processor 2
  Max Mhz: 1300, Current Mhz: 1300, Mhz Limit: 1300
Processor Information for processor 3
  Max Mhz: 1300, Current Mhz: 1300, Mhz Limit: 1300
Processor Information for processor 4
  Max Mhz: 1300, Current Mhz: 900, Mhz Limit: 897
Processor Information for processor 5
  Max Mhz: 1300, Current Mhz: 900, Mhz Limit: 897
Processor Information for processor 6
  Max Mhz: 1300, Current Mhz: 900, Mhz Limit: 897
Processor Information for processor 7
  Max Mhz: 1300, Current Mhz: 900, Mhz Limit: 897
Processor Information for processor 8
  Max Mhz: 1300, Current Mhz: 900, Mhz Limit: 897
Processor Information for processor 9
  Max Mhz: 1300, Current Mhz: 900, Mhz Limit: 897
Processor Information for processor 10
  Max Mhz: 1300, Current Mhz: 900, Mhz Limit: 897
Processor Information for processor 11
  Max Mhz: 1300, Current Mhz: 900, Mhz Limit: 897

Memory: 4k page, system-wide physical 7863M (429M free)
TotalPageFile size 15184M (AvailPageFile size 53M)
current process WorkingSet (physical memory assigned to process): 11M, peak: 11M
current process commit charge ("private bytes"): 64M, peak: 188M

vm_info: Java HotSpot(TM) 64-Bit Server VM (21.0.9+7-LTS-338) for windows-amd64 JRE (21.0.9+7-LTS-338), built on 2025-09-26T06:33:49Z by "mach5run" with MS VC++ 17.6 (VS2022)

END.
